<?xml version="1.0" encoding="UTF-8"?>
<!-- Generated by org.testng.reporters.JUnitXMLReporter -->
<testsuite ignored="0" hostname="sushant" failures="0" tests="3" name="Default test" time="0.079" errors="0" timestamp="2022-06-23T16:59:59 IST">
  <testcase classname="TestNG_keywords.example7_Sample1" name="TC1" time="0.012"/>
  <testcase classname="TestNG_keywords.example7_Sample1" name="TC2" time="0.001"/>
  <testcase classname="TestNG_keywords.example7_Sample1" name="TC3" time="0.002"/>
</testsuite> <!-- Default test -->
