<?xml version="1.0" encoding="UTF-8"?>
<!-- Generated by org.testng.reporters.JUnitXMLReporter -->
<testsuite ignored="0" hostname="sushant" failures="0" tests="6" name="Test" time="0.11" errors="0" timestamp="2022-06-23T17:00:08 IST">
  <testcase classname="TestNG_keywords.example7_Sample1" name="TC1" time="0.014"/>
  <testcase classname="TestNG_keywords.example7_Sample1" name="TC2" time="0.002"/>
  <testcase classname="TestNG_keywords.example7_Sample1" name="TC3" time="0.003"/>
  <testcase classname="TestNG_keywords.example7_Sample2" name="TC4" time="0.002"/>
  <testcase classname="TestNG_keywords.example7_Sample2" name="TC5" time="0.002"/>
  <testcase classname="TestNG_keywords.example7_Sample2" name="TC6" time="0.003"/>
</testsuite> <!-- Test -->
