<?xml version="1.0" encoding="UTF-8"?>
<testng-results ignored="0" total="6" passed="6" failed="0" skipped="0">
  <reporter-output>
    <line>
      <![CDATA[running TC1]]>
    </line>
    <line>
      <![CDATA[running TC2]]>
    </line>
    <line>
      <![CDATA[running TC3]]>
    </line>
    <line>
      <![CDATA[running TC4]]>
    </line>
    <line>
      <![CDATA[running TC5]]>
    </line>
    <line>
      <![CDATA[running TC6]]>
    </line>
  </reporter-output>
  <suite started-at="2022-06-23T17:00:08 IST" name="Suite" finished-at="2022-06-23T17:00:08 IST" duration-ms="110">
    <groups>
    </groups>
    <test started-at="2022-06-23T17:00:08 IST" name="Test" finished-at="2022-06-23T17:00:08 IST" duration-ms="110">
      <class name="TestNG_keywords.example7_Sample1">
        <test-method signature="TC1()[pri:0, instance:TestNG_keywords.example7_Sample1@193f604a]" started-at="2022-06-23T17:00:08 IST" name="TC1" finished-at="2022-06-23T17:00:08 IST" duration-ms="14" status="PASS">
          <reporter-output>
            <line>
              <![CDATA[running TC1]]>
            </line>
          </reporter-output>
        </test-method> <!-- TC1 -->
        <test-method signature="TC2()[pri:0, instance:TestNG_keywords.example7_Sample1@193f604a]" started-at="2022-06-23T17:00:08 IST" name="TC2" finished-at="2022-06-23T17:00:08 IST" duration-ms="2" status="PASS">
          <reporter-output>
            <line>
              <![CDATA[running TC2]]>
            </line>
          </reporter-output>
        </test-method> <!-- TC2 -->
        <test-method signature="TC3()[pri:0, instance:TestNG_keywords.example7_Sample1@193f604a]" started-at="2022-06-23T17:00:08 IST" name="TC3" finished-at="2022-06-23T17:00:08 IST" duration-ms="3" status="PASS">
          <reporter-output>
            <line>
              <![CDATA[running TC3]]>
            </line>
          </reporter-output>
        </test-method> <!-- TC3 -->
      </class> <!-- TestNG_keywords.example7_Sample1 -->
      <class name="TestNG_keywords.example7_Sample2">
        <test-method signature="TC4()[pri:0, instance:TestNG_keywords.example7_Sample2@49c7b90e]" started-at="2022-06-23T17:00:08 IST" name="TC4" finished-at="2022-06-23T17:00:08 IST" duration-ms="2" status="PASS">
          <reporter-output>
            <line>
              <![CDATA[running TC4]]>
            </line>
          </reporter-output>
        </test-method> <!-- TC4 -->
        <test-method signature="TC5()[pri:0, instance:TestNG_keywords.example7_Sample2@49c7b90e]" started-at="2022-06-23T17:00:08 IST" name="TC5" finished-at="2022-06-23T17:00:08 IST" duration-ms="2" status="PASS">
          <reporter-output>
            <line>
              <![CDATA[running TC5]]>
            </line>
          </reporter-output>
        </test-method> <!-- TC5 -->
        <test-method signature="TC6()[pri:0, instance:TestNG_keywords.example7_Sample2@49c7b90e]" started-at="2022-06-23T17:00:08 IST" name="TC6" finished-at="2022-06-23T17:00:08 IST" duration-ms="3" status="PASS">
          <reporter-output>
            <line>
              <![CDATA[running TC6]]>
            </line>
          </reporter-output>
        </test-method> <!-- TC6 -->
      </class> <!-- TestNG_keywords.example7_Sample2 -->
    </test> <!-- Test -->
  </suite> <!-- Suite -->
</testng-results>
